0 info it worked if it ends with ok
1 verbose cli [ '/usr/local/bin/node',
1 verbose cli   '/Users/carltonsegbefia/Stuff/Projects/sirum/node_modules/.bin/npm',
1 verbose cli   'run',
1 verbose cli   '--prefix',
1 verbose cli   'node_modules/development',
1 verbose cli   'test' ]
2 info using npm@3.10.10
3 info using node@v8.2.0
4 warn invalid config loglevel="notice"
5 verbose run-script [ 'pretest', 'test', 'posttest' ]
6 info lifecycle development@0.0.0~pretest: development@0.0.0
7 silly lifecycle development@0.0.0~pretest: no script for pretest, continuing
8 info lifecycle development@0.0.0~test: development@0.0.0
9 verbose lifecycle development@0.0.0~test: unsafe-perm in lifecycle true
10 verbose lifecycle development@0.0.0~test: PATH: /Users/carltonsegbefia/Stuff/Projects/sirum/node_modules/npm/bin/node-gyp-bin:/Users/carltonsegbefia/Stuff/Projects/sirum/node_modules/development/node_modules/.bin:/Users/carltonsegbefia/Stuff/Projects/sirum/node_modules/.bin:/usr/local/lib/node_modules/npm/node_modules/npm-lifecycle/node-gyp-bin:/Users/carltonsegbefia/Stuff/Projects/sirum/node_modules/.bin:/usr/local/bin:/usr/bin:/bin:/usr/sbin:/sbin
11 verbose lifecycle development@0.0.0~test: CWD: /Users/carltonsegbefia/Stuff/Projects/sirum/node_modules/development
12 silly lifecycle development@0.0.0~test: Args: [ '-c', '../protractor/bin/protractor conf.js' ]
13 silly lifecycle development@0.0.0~test: Returned: code: 1  signal: null
14 info lifecycle development@0.0.0~test: Failed to exec test script
15 verbose stack Error: development@0.0.0 test: `../protractor/bin/protractor conf.js`
15 verbose stack Exit status 1
15 verbose stack     at EventEmitter.<anonymous> (/Users/carltonsegbefia/Stuff/Projects/sirum/node_modules/npm/lib/utils/lifecycle.js:255:16)
15 verbose stack     at emitTwo (events.js:125:13)
15 verbose stack     at EventEmitter.emit (events.js:213:7)
15 verbose stack     at ChildProcess.<anonymous> (/Users/carltonsegbefia/Stuff/Projects/sirum/node_modules/npm/lib/utils/spawn.js:40:14)
15 verbose stack     at emitTwo (events.js:125:13)
15 verbose stack     at ChildProcess.emit (events.js:213:7)
15 verbose stack     at maybeClose (internal/child_process.js:921:16)
15 verbose stack     at Process.ChildProcess._handle.onexit (internal/child_process.js:211:5)
16 verbose pkgid development@0.0.0
17 verbose cwd /Users/carltonsegbefia/Stuff/Projects/sirum
18 error Darwin 17.4.0
19 error argv "/usr/local/bin/node" "/Users/carltonsegbefia/Stuff/Projects/sirum/node_modules/.bin/npm" "run" "--prefix" "node_modules/development" "test"
20 error node v8.2.0
21 error npm  v3.10.10
22 error code ELIFECYCLE
23 error development@0.0.0 test: `../protractor/bin/protractor conf.js`
23 error Exit status 1
24 error Failed at the development@0.0.0 test script '../protractor/bin/protractor conf.js'.
24 error Make sure you have the latest version of node.js and npm installed.
24 error If you do, this is most likely a problem with the development package,
24 error not with npm itself.
24 error Tell the author that this fails on your system:
24 error     ../protractor/bin/protractor conf.js
24 error You can get information on how to open an issue for this project with:
24 error     npm bugs development
24 error Or if that isn't available, you can get their info via:
24 error     npm owner ls development
24 error There is likely additional logging output above.
25 verbose exit [ 1, true ]
